[debug] [2022-02-14T13:59:08.130Z] ----------------------------------------------------------------------
[debug] [2022-02-14T13:59:08.134Z] Command:       C:\Program Files\nodejs\node.exe C:\Users\SHUBHANKAR\AppData\Roaming\npm\node_modules\firebase-tools\lib\bin\firebase.js init
[debug] [2022-02-14T13:59:08.135Z] CLI Version:   10.2.0
[debug] [2022-02-14T13:59:08.135Z] Platform:      win32
[debug] [2022-02-14T13:59:08.135Z] Node Version:  v14.17.6
[debug] [2022-02-14T13:59:08.137Z] Time:          Mon Feb 14 2022 19:29:08 GMT+0530 (India Standard Time)
[debug] [2022-02-14T13:59:08.137Z] ----------------------------------------------------------------------
[debug] 
[debug] [2022-02-14T13:59:08.151Z] > command requires scopes: ["email","openid","https://www.googleapis.com/auth/cloudplatformprojects.readonly","https://www.googleapis.com/auth/firebase","https://www.googleapis.com/auth/cloud-platform"]
[debug] [2022-02-14T13:59:08.151Z] > authorizing via signed-in user (shubhankardutta17@gmail.com)
[info] 
     ######## #### ########  ######## ########     ###     ######  ########
     ##        ##  ##     ## ##       ##     ##  ##   ##  ##       ##
     ######    ##  ########  ######   ########  #########  ######  ######
     ##        ##  ##    ##  ##       ##     ## ##     ##       ## ##
     ##       #### ##     ## ######## ########  ##     ##  ######  ########

You're about to initialize a Firebase project in this directory:

  C:\Users\SHUBHANKAR\Desktop\recipe website\react-recipe-finder

[info] 
=== Project Setup
[info] 
[info] First, let's associate this project directory with a Firebase project.
[info] You can create multiple project aliases by running firebase use --add, 
[info] but for now we'll just set up a default project.
[info] 
[debug] [2022-02-14T13:59:22.277Z] >>> [apiv2][query] GET https://firebase.googleapis.com/v1beta1/projects pageSize=100
[debug] [2022-02-14T13:59:23.177Z] <<< [apiv2][status] GET https://firebase.googleapis.com/v1beta1/projects 200
[debug] [2022-02-14T13:59:23.177Z] <<< [apiv2][body] GET https://firebase.googleapis.com/v1beta1/projects [omitted]
[info] i  Using project recipewebsite-aa582 (recipeWebsite) 
[info] 
=== Hosting Setup
[info] 
[info] Your public directory is the folder (relative to your project directory) that
[info] will contain Hosting assets to be uploaded with firebase deploy. If you
[info] have a build process for your assets, use your build's output directory.
[info] 
[debug] [2022-02-14T14:03:21.095Z] >>> [apiv2][query] GET https://www.gstatic.com/firebasejs/releases.json [none]
[debug] [2022-02-14T14:03:21.445Z] <<< [apiv2][status] GET https://www.gstatic.com/firebasejs/releases.json 200
[debug] [2022-02-14T14:03:21.445Z] <<< [apiv2][body] GET https://www.gstatic.com/firebasejs/releases.json {"current":{"version":"9.6.6","browserURL":"https://www.gstatic.com/firebasejs/9.6.6/firebase.js","packageURL":"https://www.gstatic.com/firebasejs/9.6.6/firebase.tgz"},"live":{"version":"9.6","browserURL":"https://www.gstatic.com/firebasejs/live/9.6/firebase.js","packageURL":"https://www.gstatic.com/firebasejs/live/9.6/firebase.tgz"},"components":{"analytics":"https://www.gstatic.com/firebasejs/9.6.6/firebase-analytics.js","app":"https://www.gstatic.com/firebasejs/9.6.6/firebase-app.js","app-check":"https://www.gstatic.com/firebasejs/9.6.6/firebase-app-check.js","auth":"https://www.gstatic.com/firebasejs/9.6.6/firebase-auth.js","auth/cordova":"https://www.gstatic.com/firebasejs/9.6.6/firebase-auth/cordova.js","auth/react-native":"https://www.gstatic.com/firebasejs/9.6.6/firebase-auth/react-native.js","functions":"https://www.gstatic.com/firebasejs/9.6.6/firebase-functions.js","firestore":"https://www.gstatic.com/firebasejs/9.6.6/firebase-firestore.js","firestore/lite":"https://www.gstatic.com/firebasejs/9.6.6/firebase-firestore/lite.js","storage":"https://www.gstatic.com/firebasejs/9.6.6/firebase-storage.js","performance":"https://www.gstatic.com/firebasejs/9.6.6/firebase-performance.js","remote-config":"https://www.gstatic.com/firebasejs/9.6.6/firebase-remote-config.js","messaging":"https://www.gstatic.com/firebasejs/9.6.6/firebase-messaging.js","messaging/sw":"https://www.gstatic.com/firebasejs/9.6.6/firebase-messaging/sw.js","database":"https://www.gstatic.com/firebasejs/9.6.6/firebase-database.js","firestore.memory":"https://www.gstatic.com/firebasejs/9.6.6/firebase-firestore.memory.js"}}
[info] +  Wrote y/index.html 
[info] 
[info] i  Detected a .git folder at C:\Users\SHUBHANKAR\Desktop\recipe website\react-recipe-finder 
[info] i  Authorizing with GitHub to upload your service account to a GitHub repository's secrets store. 
[info] 
[info] Visit this URL on this device to log in:
[info] https://github.com/login/oauth/authorize?client_id=89cf50f02ac6aaed3484&state=362933579&redirect_uri=http%3A%2F%2Flocalhost%3A9005&scope=read%3Auser%20repo%20public_repo
[info] 
[info] Waiting for authentication...
[debug] [2022-02-14T14:03:33.586Z] >>> HTTP REQUEST POST https://github.com/login/oauth/access_token  
 {"client_id":"89cf50f02ac6aaed3484","client_secret":"3330d14abc895d9a74d5f17cd7a00711fa2c5bf0","code":"724fd247fbd86e85d691","redirect_uri":"http://localhost:9005","state":"362933579"}
[debug] [2022-02-14T14:03:34.178Z] <<< HTTP RESPONSE 200 {"server":"GitHub.com","date":"Mon, 14 Feb 2022 14:03:33 GMT","content-type":"application/json; charset=utf-8","transfer-encoding":"chunked","vary":"X-PJAX, X-PJAX-Container, Accept-Encoding, Accept, X-Requested-With","permissions-policy":"interest-cohort=()","etag":"W/\"939ef658daae4e18ad902ea81b720bac\"","cache-control":"max-age=0, private, must-revalidate","strict-transport-security":"max-age=31536000; includeSubdomains; preload","x-frame-options":"deny","x-content-type-options":"nosniff","x-xss-protection":"0","referrer-policy":"origin-when-cross-origin, strict-origin-when-cross-origin","expect-ct":"max-age=2592000, report-uri=\"https://api.github.com/_private/browser/errors\"","content-security-policy":"default-src 'none'; base-uri 'self'; block-all-mixed-content; child-src github.com/assets-cdn/worker/ gist.github.com/assets-cdn/worker/; connect-src 'self' uploads.github.com objects-origin.githubusercontent.com www.githubstatus.com collector.githubapp.com collector.github.com api.github.com github-cloud.s3.amazonaws.com github-production-repository-file-5c1aeb.s3.amazonaws.com github-production-upload-manifest-file-7fdce7.s3.amazonaws.com github-production-user-asset-6210df.s3.amazonaws.com cdn.optimizely.com logx.optimizely.com/v1/events translator.github.com wss://alive.github.com; font-src github.githubassets.com; form-action 'self' github.com gist.github.com objects-origin.githubusercontent.com; frame-ancestors 'none'; frame-src render.githubusercontent.com viewscreen.githubusercontent.com notebooks.githubusercontent.com; img-src 'self' data: github.githubassets.com identicons.github.com collector.githubapp.com collector.github.com github-cloud.s3.amazonaws.com secured-user-images.githubusercontent.com/ *.githubusercontent.com; manifest-src 'self'; media-src github.com user-images.githubusercontent.com/; script-src github.githubassets.com; style-src 'unsafe-inline' github.githubassets.com; worker-src github.com/assets-cdn/worker/ gist.github.com/assets-cdn/worker/","x-github-request-id":"FB6C:79A2:1585AD6:1937EFA:620A6135"}
[debug] [2022-02-14T14:03:34.187Z] >>> [apiv2][query] GET https://api.github.com/user [none]
[debug] [2022-02-14T14:03:34.791Z] <<< [apiv2][status] GET https://api.github.com/user 200
[debug] [2022-02-14T14:03:34.792Z] <<< [apiv2][body] GET https://api.github.com/user {"login":"Shubhankardutta7","id":87083209,"node_id":"MDQ6VXNlcjg3MDgzMjA5","avatar_url":"https://avatars.githubusercontent.com/u/87083209?v=4","gravatar_id":"","url":"https://api.github.com/users/Shubhankardutta7","html_url":"https://github.com/Shubhankardutta7","followers_url":"https://api.github.com/users/Shubhankardutta7/followers","following_url":"https://api.github.com/users/Shubhankardutta7/following{/other_user}","gists_url":"https://api.github.com/users/Shubhankardutta7/gists{/gist_id}","starred_url":"https://api.github.com/users/Shubhankardutta7/starred{/owner}{/repo}","subscriptions_url":"https://api.github.com/users/Shubhankardutta7/subscriptions","organizations_url":"https://api.github.com/users/Shubhankardutta7/orgs","repos_url":"https://api.github.com/users/Shubhankardutta7/repos","events_url":"https://api.github.com/users/Shubhankardutta7/events{/privacy}","received_events_url":"https://api.github.com/users/Shubhankardutta7/received_events","type":"User","site_admin":false,"name":"Shubhankar Dutta","company":null,"blog":"","location":null,"email":null,"hireable":null,"bio":null,"twitter_username":null,"public_repos":14,"public_gists":0,"followers":0,"following":0,"created_at":"2021-07-07T15:06:19Z","updated_at":"2022-01-26T06:04:27Z","private_gists":0,"total_private_repos":0,"owned_private_repos":0,"disk_usage":21101,"collaborators":0,"two_factor_authentication":false,"plan":{"name":"pro","space":976562499,"collaborators":0,"private_repos":9999}}
[info] 
[info] +  Success! Logged into GitHub as Shubhankardutta7 
[info] 
